<?xml version="1.0" encoding="UTF-8"?>
<testng-results skipped="0" failed="0" ignored="0" total="1" passed="1">
  <reporter-output>
  </reporter-output>
  <suite name="EasyDay" duration-ms="46294" started-at="2020-10-09T10:29:11Z" finished-at="2020-10-09T10:29:57Z">
    <groups>
    </groups>
    <test name="EasyDayMobile" duration-ms="46294" started-at="2020-10-09T10:29:11Z" finished-at="2020-10-09T10:29:57Z">
      <class name="testCases.TC1VerifyStdDeliveryFPOrderPlacing">
        <test-method status="PASS" signature="beforeSuite()[pri:0, instance:testCases.TC1VerifyStdDeliveryFPOrderPlacing@79ad8b2f]" name="beforeSuite" is-config="true" duration-ms="676" started-at="2020-10-09T10:29:10Z" finished-at="2020-10-09T10:29:11Z">
          <reporter-output>
          </reporter-output>
        </test-method> <!-- beforeSuite -->
        <test-method status="PASS" signature="beforeTest()[pri:0, instance:testCases.TC1VerifyStdDeliveryFPOrderPlacing@79ad8b2f]" name="beforeTest" is-config="true" duration-ms="0" started-at="2020-10-09T10:29:11Z" finished-at="2020-10-09T10:29:11Z">
          <reporter-output>
          </reporter-output>
        </test-method> <!-- beforeTest -->
        <test-method status="PASS" signature="beforeClass(java.lang.String, java.lang.String, java.lang.String, java.lang.String)[pri:0, instance:testCases.TC1VerifyStdDeliveryFPOrderPlacing@79ad8b2f]" name="beforeClass" is-config="true" duration-ms="30741" started-at="2020-10-09T10:29:11Z" finished-at="2020-10-09T10:29:41Z">
          <params>
            <param index="0">
              <value>
                <![CDATA[emulator-5554]]>
              </value>
            </param>
            <param index="1">
              <value>
                <![CDATA[]]>
              </value>
            </param>
            <param index="2">
              <value>
                <![CDATA[10.0]]>
              </value>
            </param>
            <param index="3">
              <value>
                <![CDATA[Android]]>
              </value>
            </param>
          </params>
          <reporter-output>
          </reporter-output>
        </test-method> <!-- beforeClass -->
        <test-method status="PASS" signature="beforeMethod()[pri:0, instance:testCases.TC1VerifyStdDeliveryFPOrderPlacing@79ad8b2f]" name="beforeMethod" is-config="true" duration-ms="0" started-at="2020-10-09T10:29:41Z" finished-at="2020-10-09T10:29:41Z">
          <reporter-output>
          </reporter-output>
        </test-method> <!-- beforeMethod -->
        <test-method status="PASS" signature="testCase()[pri:0, instance:testCases.TC1VerifyStdDeliveryFPOrderPlacing@79ad8b2f]" name="testCase" duration-ms="15521" started-at="2020-10-09T10:29:41Z" finished-at="2020-10-09T10:29:57Z">
          <reporter-output>
          </reporter-output>
        </test-method> <!-- testCase -->
        <test-method status="PASS" signature="afterMethod()[pri:0, instance:testCases.TC1VerifyStdDeliveryFPOrderPlacing@79ad8b2f]" name="afterMethod" is-config="true" duration-ms="1" started-at="2020-10-09T10:29:57Z" finished-at="2020-10-09T10:29:57Z">
          <reporter-output>
          </reporter-output>
        </test-method> <!-- afterMethod -->
        <test-method status="PASS" signature="afterClass()[pri:0, instance:testCases.TC1VerifyStdDeliveryFPOrderPlacing@79ad8b2f]" name="afterClass" is-config="true" duration-ms="0" started-at="2020-10-09T10:29:57Z" finished-at="2020-10-09T10:29:57Z">
          <reporter-output>
          </reporter-output>
        </test-method> <!-- afterClass -->
        <test-method status="PASS" signature="afterTest()[pri:0, instance:testCases.TC1VerifyStdDeliveryFPOrderPlacing@79ad8b2f]" name="afterTest" is-config="true" duration-ms="1" started-at="2020-10-09T10:29:57Z" finished-at="2020-10-09T10:29:57Z">
          <reporter-output>
          </reporter-output>
        </test-method> <!-- afterTest -->
        <test-method status="PASS" signature="afterSuite()[pri:0, instance:testCases.TC1VerifyStdDeliveryFPOrderPlacing@79ad8b2f]" name="afterSuite" is-config="true" duration-ms="747" started-at="2020-10-09T10:29:57Z" finished-at="2020-10-09T10:29:58Z">
          <reporter-output>
          </reporter-output>
        </test-method> <!-- afterSuite -->
      </class> <!-- testCases.TC1VerifyStdDeliveryFPOrderPlacing -->
    </test> <!-- EasyDayMobile -->
  </suite> <!-- EasyDay -->
</testng-results>
