<?xml version="1.0" encoding="UTF-8"?>
<testng-results skipped="0" failed="0" ignored="0" total="1" passed="1">
  <reporter-output>
  </reporter-output>
  <suite name="EasyDay" duration-ms="19631" started-at="2020-09-30T20:26:09Z" finished-at="2020-09-30T20:26:28Z">
    <groups>
    </groups>
    <test name="EasyDayMobile" duration-ms="19631" started-at="2020-09-30T20:26:09Z" finished-at="2020-09-30T20:26:28Z">
      <class name="testCases.TC1VerifyStdDeliveryFPOrderPlacing">
        <test-method status="PASS" signature="beforeSuite()[pri:0, instance:testCases.TC1VerifyStdDeliveryFPOrderPlacing@1817d444]" name="beforeSuite" is-config="true" duration-ms="297" started-at="2020-09-30T20:26:08Z" finished-at="2020-09-30T20:26:09Z">
          <reporter-output>
          </reporter-output>
        </test-method> <!-- beforeSuite -->
        <test-method status="PASS" signature="beforeTest()[pri:0, instance:testCases.TC1VerifyStdDeliveryFPOrderPlacing@1817d444]" name="beforeTest" is-config="true" duration-ms="8" started-at="2020-09-30T20:26:09Z" finished-at="2020-09-30T20:26:09Z">
          <reporter-output>
          </reporter-output>
        </test-method> <!-- beforeTest -->
        <test-method status="PASS" signature="beforeClass(java.lang.String, java.lang.String, java.lang.String, java.lang.String)[pri:0, instance:testCases.TC1VerifyStdDeliveryFPOrderPlacing@1817d444]" name="beforeClass" is-config="true" duration-ms="19540" started-at="2020-09-30T20:26:09Z" finished-at="2020-09-30T20:26:28Z">
          <params>
            <param index="0">
              <value>
                <![CDATA[emulator-5554]]>
              </value>
            </param>
            <param index="1">
              <value>
                <![CDATA[]]>
              </value>
            </param>
            <param index="2">
              <value>
                <![CDATA[10.0]]>
              </value>
            </param>
            <param index="3">
              <value>
                <![CDATA[Android]]>
              </value>
            </param>
          </params>
          <reporter-output>
          </reporter-output>
        </test-method> <!-- beforeClass -->
        <test-method status="PASS" signature="beforeMethod()[pri:0, instance:testCases.TC1VerifyStdDeliveryFPOrderPlacing@1817d444]" name="beforeMethod" is-config="true" duration-ms="0" started-at="2020-09-30T20:26:28Z" finished-at="2020-09-30T20:26:28Z">
          <reporter-output>
          </reporter-output>
        </test-method> <!-- beforeMethod -->
        <test-method status="PASS" signature="testCase()[pri:0, instance:testCases.TC1VerifyStdDeliveryFPOrderPlacing@1817d444]" name="testCase" duration-ms="51" started-at="2020-09-30T20:26:28Z" finished-at="2020-09-30T20:26:28Z">
          <reporter-output>
          </reporter-output>
        </test-method> <!-- testCase -->
        <test-method status="PASS" signature="afterMethod()[pri:0, instance:testCases.TC1VerifyStdDeliveryFPOrderPlacing@1817d444]" name="afterMethod" is-config="true" duration-ms="0" started-at="2020-09-30T20:26:28Z" finished-at="2020-09-30T20:26:28Z">
          <reporter-output>
          </reporter-output>
        </test-method> <!-- afterMethod -->
        <test-method status="PASS" signature="afterClass()[pri:0, instance:testCases.TC1VerifyStdDeliveryFPOrderPlacing@1817d444]" name="afterClass" is-config="true" duration-ms="1" started-at="2020-09-30T20:26:28Z" finished-at="2020-09-30T20:26:28Z">
          <reporter-output>
          </reporter-output>
        </test-method> <!-- afterClass -->
        <test-method status="PASS" signature="afterTest()[pri:0, instance:testCases.TC1VerifyStdDeliveryFPOrderPlacing@1817d444]" name="afterTest" is-config="true" duration-ms="1" started-at="2020-09-30T20:26:28Z" finished-at="2020-09-30T20:26:28Z">
          <reporter-output>
          </reporter-output>
        </test-method> <!-- afterTest -->
        <test-method status="PASS" signature="afterSuite()[pri:0, instance:testCases.TC1VerifyStdDeliveryFPOrderPlacing@1817d444]" name="afterSuite" is-config="true" duration-ms="868" started-at="2020-09-30T20:26:28Z" finished-at="2020-09-30T20:26:29Z">
          <reporter-output>
          </reporter-output>
        </test-method> <!-- afterSuite -->
      </class> <!-- testCases.TC1VerifyStdDeliveryFPOrderPlacing -->
    </test> <!-- EasyDayMobile -->
  </suite> <!-- EasyDay -->
</testng-results>
