<?xml version="1.0" encoding="UTF-8"?>
<testng-results skipped="0" failed="0" ignored="0" total="2" passed="2">
  <reporter-output>
  </reporter-output>
  <suite name="APIAutomation" duration-ms="4084" started-at="2020-10-03T11:24:30Z" finished-at="2020-10-03T11:24:34Z">
    <groups>
    </groups>
    <test name="APIRestAssuredAutomation" duration-ms="4084" started-at="2020-10-03T11:24:30Z" finished-at="2020-10-03T11:24:34Z">
      <class name="testCases.CartApiAutomation">
        <test-method status="PASS" signature="beforeClass()[pri:0, instance:testCases.CartApiAutomation@146ba0ac]" name="beforeClass" is-config="true" duration-ms="748" started-at="2020-10-03T11:24:30Z" finished-at="2020-10-03T11:24:31Z">
          <reporter-output>
          </reporter-output>
        </test-method> <!-- beforeClass -->
        <test-method status="PASS" signature="getCart()[pri:0, instance:testCases.CartApiAutomation@146ba0ac]" name="getCart" duration-ms="2908" started-at="2020-10-03T11:24:31Z" finished-at="2020-10-03T11:24:34Z">
          <reporter-output>
          </reporter-output>
        </test-method> <!-- getCart -->
      </class> <!-- testCases.CartApiAutomation -->
      <class name="testCases.PDPAPIAutomation">
        <test-method status="PASS" signature="beforeClass()[pri:0, instance:testCases.PDPAPIAutomation@4dfa3a9d]" name="beforeClass" is-config="true" duration-ms="1" started-at="2020-10-03T11:24:34Z" finished-at="2020-10-03T11:24:34Z">
          <reporter-output>
          </reporter-output>
        </test-method> <!-- beforeClass -->
        <test-method status="PASS" signature="getPDP()[pri:0, instance:testCases.PDPAPIAutomation@4dfa3a9d]" name="getPDP" duration-ms="383" started-at="2020-10-03T11:24:34Z" finished-at="2020-10-03T11:24:34Z">
          <reporter-output>
          </reporter-output>
        </test-method> <!-- getPDP -->
      </class> <!-- testCases.PDPAPIAutomation -->
    </test> <!-- APIRestAssuredAutomation -->
  </suite> <!-- APIAutomation -->
</testng-results>
