<?xml version="1.0" encoding="UTF-8"?>
<!-- Generated by org.testng.reporters.JUnitXMLReporter -->
<testsuite hostname="ip-192-168-43-155.ap-south-1.compute.internal" ignored="0" name="APIRestAssuredAutomation" tests="2" failures="0" timestamp="03 Oct 2020 11:24:35 GMT" time="4.084" errors="0">
  <testcase name="getCart" time="2.908" classname="testCases.CartApiAutomation"/>
  <testcase name="getPDP" time="0.383" classname="testCases.PDPAPIAutomation"/>
</testsuite> <!-- APIRestAssuredAutomation -->
