<?xml version="1.0" encoding="UTF-8"?>
<!-- Generated by org.testng.reporters.JUnitXMLReporter -->
<testsuite hostname="ip-192-168-1-4.ap-south-1.compute.internal" ignored="0" name="APIRestAssuredAutomation" tests="3" failures="1" timestamp="09 Oct 2020 09:57:06 GMT" time="4.647" errors="0">
  <testcase name="getPDP" time="2.62" classname="testCases.PDPAPI">
    <failure type="java.lang.AssertionError" message="expected [200] but found [417]">
      <![CDATA[java.lang.AssertionError: expected [200] but found [417]
at apiVerifications.APIVerification.responseCodeValidation(APIVerification.java:17)
at testCases.PDPAPI.getPDP(PDPAPI.java:22)
... Removed 31 stack frames]]>
    </failure>
  </testcase> <!-- getPDP -->
  <testcase name="getCart" time="1.579" classname="testCases.GetCartAPI"/>
  <testcase name="clearCart" time="0.205" classname="testCases.ClearCartAPI"/>
</testsuite> <!-- APIRestAssuredAutomation -->
